<?xml version="1.0" encoding="UTF-8"?>
<testsuite xmlns:xsi="http://www.w3.org/2001/XMLSchema-instance" xsi:noNamespaceSchemaLocation="https://maven.apache.org/surefire/maven-surefire-plugin/xsd/surefire-test-report.xsd" name="org.mall_hsj_admin2.AppTest" time="0.003" tests="1" errors="0" skipped="0" failures="0">
  <properties>
    <property name="sun.desktop" value="windows"/>
    <property name="awt.toolkit" value="sun.awt.windows.WToolkit"/>
    <property name="file.encoding.pkg" value="sun.io"/>
    <property name="java.specification.version" value="1.8"/>
    <property name="sun.cpu.isalist" value="amd64"/>
    <property name="sun.jnu.encoding" value="GBK"/>
    <property name="java.class.path" value="D:\csdn_workspace\mall_hsj\mall_hsj_admin2\target\test-classes;D:\csdn_workspace\mall_hsj\mall_hsj_admin2\target\classes;D:\tools\mavenLocal\junit\junit\3.8.1\junit-3.8.1.jar;D:\csdn_workspace\mall_hsj\mall_hsj_mbg\target\mall_hsj_mbg-0.0.1-SNAPSHOT.jar;D:\tools\mavenLocal\com\macro\mall\mall-common\1.0-SNAPSHOT\mall-common-1.0-SNAPSHOT.jar;D:\tools\mavenLocal\io\springfox\springfox-swagger2\2.7.0\springfox-swagger2-2.7.0.jar;D:\tools\mavenLocal\io\swagger\swagger-annotations\1.5.13\swagger-annotations-1.5.13.jar;D:\tools\mavenLocal\io\swagger\swagger-models\1.5.13\swagger-models-1.5.13.jar;D:\tools\mavenLocal\io\springfox\springfox-spi\2.7.0\springfox-spi-2.7.0.jar;D:\tools\mavenLocal\io\springfox\springfox-core\2.7.0\springfox-core-2.7.0.jar;D:\tools\mavenLocal\io\springfox\springfox-schema\2.7.0\springfox-schema-2.7.0.jar;D:\tools\mavenLocal\io\springfox\springfox-swagger-common\2.7.0\springfox-swagger-common-2.7.0.jar;D:\tools\mavenLocal\io\springfox\springfox-spring-web\2.7.0\springfox-spring-web-2.7.0.jar;D:\tools\mavenLocal\org\reflections\reflections\0.9.11\reflections-0.9.11.jar;D:\tools\mavenLocal\org\javassist\javassist\3.21.0-GA\javassist-3.21.0-GA.jar;D:\tools\mavenLocal\org\springframework\plugin\spring-plugin-core\1.2.0.RELEASE\spring-plugin-core-1.2.0.RELEASE.jar;D:\tools\mavenLocal\org\springframework\plugin\spring-plugin-metadata\1.2.0.RELEASE\spring-plugin-metadata-1.2.0.RELEASE.jar;D:\tools\mavenLocal\org\mapstruct\mapstruct\1.1.0.Final\mapstruct-1.1.0.Final.jar;D:\tools\mavenLocal\io\springfox\springfox-swagger-ui\2.7.0\springfox-swagger-ui-2.7.0.jar;D:\tools\mavenLocal\org\springframework\data\spring-data-commons\2.1.5.RELEASE\spring-data-commons-2.1.5.RELEASE.jar;D:\tools\mavenLocal\cn\hutool\hutool-all\4.5.7\hutool-all-4.5.7.jar;D:\tools\mavenLocal\org\mybatis\generator\mybatis-generator-core\1.3.7\mybatis-generator-core-1.3.7.jar;D:\tools\mavenLocal\org\mybatis\mybatis\3.4.6\mybatis-3.4.6.jar;D:\tools\mavenLocal\mysql\mysql-connector-java\8.0.15\mysql-connector-java-8.0.15.jar;D:\tools\mavenLocal\org\springframework\boot\spring-boot-starter-web\2.1.3.RELEASE\spring-boot-starter-web-2.1.3.RELEASE.jar;D:\tools\mavenLocal\org\springframework\boot\spring-boot-starter\2.1.3.RELEASE\spring-boot-starter-2.1.3.RELEASE.jar;D:\tools\mavenLocal\org\springframework\boot\spring-boot\2.1.3.RELEASE\spring-boot-2.1.3.RELEASE.jar;D:\tools\mavenLocal\org\springframework\boot\spring-boot-starter-logging\2.1.3.RELEASE\spring-boot-starter-logging-2.1.3.RELEASE.jar;D:\tools\mavenLocal\ch\qos\logback\logback-classic\1.2.3\logback-classic-1.2.3.jar;D:\tools\mavenLocal\ch\qos\logback\logback-core\1.2.3\logback-core-1.2.3.jar;D:\tools\mavenLocal\org\apache\logging\log4j\log4j-to-slf4j\2.11.2\log4j-to-slf4j-2.11.2.jar;D:\tools\mavenLocal\org\apache\logging\log4j\log4j-api\2.11.2\log4j-api-2.11.2.jar;D:\tools\mavenLocal\org\slf4j\jul-to-slf4j\1.7.25\jul-to-slf4j-1.7.25.jar;D:\tools\mavenLocal\javax\annotation\javax.annotation-api\1.3.2\javax.annotation-api-1.3.2.jar;D:\tools\mavenLocal\org\yaml\snakeyaml\1.23\snakeyaml-1.23.jar;D:\tools\mavenLocal\org\springframework\boot\spring-boot-starter-json\2.1.3.RELEASE\spring-boot-starter-json-2.1.3.RELEASE.jar;D:\tools\mavenLocal\com\fasterxml\jackson\core\jackson-databind\2.9.8\jackson-databind-2.9.8.jar;D:\tools\mavenLocal\com\fasterxml\jackson\datatype\jackson-datatype-jdk8\2.9.8\jackson-datatype-jdk8-2.9.8.jar;D:\tools\mavenLocal\com\fasterxml\jackson\datatype\jackson-datatype-jsr310\2.9.8\jackson-datatype-jsr310-2.9.8.jar;D:\tools\mavenLocal\com\fasterxml\jackson\module\jackson-module-parameter-names\2.9.8\jackson-module-parameter-names-2.9.8.jar;D:\tools\mavenLocal\org\springframework\boot\spring-boot-starter-tomcat\2.1.3.RELEASE\spring-boot-starter-tomcat-2.1.3.RELEASE.jar;D:\tools\mavenLocal\org\apache\tomcat\embed\tomcat-embed-core\9.0.16\tomcat-embed-core-9.0.16.jar;D:\tools\mavenLocal\org\apache\tomcat\embed\tomcat-embed-el\9.0.16\tomcat-embed-el-9.0.16.jar;D:\tools\mavenLocal\org\apache\tomcat\embed\tomcat-embed-websocket\9.0.16\tomcat-embed-websocket-9.0.16.jar;D:\tools\mavenLocal\org\hibernate\validator\hibernate-validator\6.0.14.Final\hibernate-validator-6.0.14.Final.jar;D:\tools\mavenLocal\javax\validation\validation-api\2.0.1.Final\validation-api-2.0.1.Final.jar;D:\tools\mavenLocal\org\jboss\logging\jboss-logging\3.3.2.Final\jboss-logging-3.3.2.Final.jar;D:\tools\mavenLocal\com\fasterxml\classmate\1.4.0\classmate-1.4.0.jar;D:\tools\mavenLocal\org\springframework\spring-web\5.1.5.RELEASE\spring-web-5.1.5.RELEASE.jar;D:\tools\mavenLocal\org\springframework\spring-beans\5.1.5.RELEASE\spring-beans-5.1.5.RELEASE.jar;D:\tools\mavenLocal\org\springframework\spring-webmvc\5.1.5.RELEASE\spring-webmvc-5.1.5.RELEASE.jar;D:\tools\mavenLocal\org\springframework\spring-context\5.1.5.RELEASE\spring-context-5.1.5.RELEASE.jar;D:\tools\mavenLocal\org\springframework\spring-expression\5.1.5.RELEASE\spring-expression-5.1.5.RELEASE.jar;D:\tools\mavenLocal\org\springframework\boot\spring-boot-starter-actuator\2.1.3.RELEASE\spring-boot-starter-actuator-2.1.3.RELEASE.jar;D:\tools\mavenLocal\org\springframework\boot\spring-boot-actuator-autoconfigure\2.1.3.RELEASE\spring-boot-actuator-autoconfigure-2.1.3.RELEASE.jar;D:\tools\mavenLocal\org\springframework\boot\spring-boot-actuator\2.1.3.RELEASE\spring-boot-actuator-2.1.3.RELEASE.jar;D:\tools\mavenLocal\io\micrometer\micrometer-core\1.1.3\micrometer-core-1.1.3.jar;D:\tools\mavenLocal\org\hdrhistogram\HdrHistogram\2.1.9\HdrHistogram-2.1.9.jar;D:\tools\mavenLocal\org\latencyutils\LatencyUtils\2.0.3\LatencyUtils-2.0.3.jar;D:\tools\mavenLocal\org\springframework\boot\spring-boot-starter-aop\2.1.3.RELEASE\spring-boot-starter-aop-2.1.3.RELEASE.jar;D:\tools\mavenLocal\org\springframework\spring-aop\5.1.5.RELEASE\spring-aop-5.1.5.RELEASE.jar;D:\tools\mavenLocal\org\aspectj\aspectjweaver\1.9.2\aspectjweaver-1.9.2.jar;D:\tools\mavenLocal\org\springframework\boot\spring-boot-starter-test\2.1.3.RELEASE\spring-boot-starter-test-2.1.3.RELEASE.jar;D:\tools\mavenLocal\org\springframework\boot\spring-boot-test\2.1.3.RELEASE\spring-boot-test-2.1.3.RELEASE.jar;D:\tools\mavenLocal\org\springframework\boot\spring-boot-test-autoconfigure\2.1.3.RELEASE\spring-boot-test-autoconfigure-2.1.3.RELEASE.jar;D:\tools\mavenLocal\com\jayway\jsonpath\json-path\2.4.0\json-path-2.4.0.jar;D:\tools\mavenLocal\net\minidev\json-smart\2.3\json-smart-2.3.jar;D:\tools\mavenLocal\net\minidev\accessors-smart\1.2\accessors-smart-1.2.jar;D:\tools\mavenLocal\org\assertj\assertj-core\3.11.1\assertj-core-3.11.1.jar;D:\tools\mavenLocal\org\mockito\mockito-core\2.23.4\mockito-core-2.23.4.jar;D:\tools\mavenLocal\net\bytebuddy\byte-buddy\1.9.10\byte-buddy-1.9.10.jar;D:\tools\mavenLocal\net\bytebuddy\byte-buddy-agent\1.9.10\byte-buddy-agent-1.9.10.jar;D:\tools\mavenLocal\org\objenesis\objenesis\2.6\objenesis-2.6.jar;D:\tools\mavenLocal\org\hamcrest\hamcrest-core\1.3\hamcrest-core-1.3.jar;D:\tools\mavenLocal\org\hamcrest\hamcrest-library\1.3\hamcrest-library-1.3.jar;D:\tools\mavenLocal\org\skyscreamer\jsonassert\1.5.0\jsonassert-1.5.0.jar;D:\tools\mavenLocal\com\vaadin\external\google\android-json\0.0.20131108.vaadin1\android-json-0.0.20131108.vaadin1.jar;D:\tools\mavenLocal\org\springframework\spring-core\5.1.5.RELEASE\spring-core-5.1.5.RELEASE.jar;D:\tools\mavenLocal\org\springframework\spring-jcl\5.1.5.RELEASE\spring-jcl-5.1.5.RELEASE.jar;D:\tools\mavenLocal\org\springframework\spring-test\5.1.5.RELEASE\spring-test-5.1.5.RELEASE.jar;D:\tools\mavenLocal\org\xmlunit\xmlunit-core\2.6.2\xmlunit-core-2.6.2.jar;D:\tools\mavenLocal\com\github\pagehelper\pagehelper-spring-boot-starter\1.2.10\pagehelper-spring-boot-starter-1.2.10.jar;D:\tools\mavenLocal\org\mybatis\spring\boot\mybatis-spring-boot-starter\1.3.2\mybatis-spring-boot-starter-1.3.2.jar;D:\tools\mavenLocal\org\springframework\boot\spring-boot-starter-jdbc\2.1.3.RELEASE\spring-boot-starter-jdbc-2.1.3.RELEASE.jar;D:\tools\mavenLocal\com\zaxxer\HikariCP\3.2.0\HikariCP-3.2.0.jar;D:\tools\mavenLocal\org\springframework\spring-jdbc\5.1.5.RELEASE\spring-jdbc-5.1.5.RELEASE.jar;D:\tools\mavenLocal\org\springframework\spring-tx\5.1.5.RELEASE\spring-tx-5.1.5.RELEASE.jar;D:\tools\mavenLocal\org\mybatis\spring\boot\mybatis-spring-boot-autoconfigure\1.3.2\mybatis-spring-boot-autoconfigure-1.3.2.jar;D:\tools\mavenLocal\org\mybatis\mybatis-spring\1.3.2\mybatis-spring-1.3.2.jar;D:\tools\mavenLocal\com\github\pagehelper\pagehelper-spring-boot-autoconfigure\1.2.10\pagehelper-spring-boot-autoconfigure-1.2.10.jar;D:\tools\mavenLocal\com\github\pagehelper\pagehelper\5.1.8\pagehelper-5.1.8.jar;D:\tools\mavenLocal\com\github\jsqlparser\jsqlparser\1.2\jsqlparser-1.2.jar;D:\tools\mavenLocal\com\alibaba\druid-spring-boot-starter\1.1.10\druid-spring-boot-starter-1.1.10.jar;D:\tools\mavenLocal\com\alibaba\druid\1.1.10\druid-1.1.10.jar;D:\tools\mavenLocal\org\slf4j\slf4j-api\1.7.25\slf4j-api-1.7.25.jar;D:\tools\mavenLocal\org\springframework\boot\spring-boot-autoconfigure\2.1.3.RELEASE\spring-boot-autoconfigure-2.1.3.RELEASE.jar;D:\tools\mavenLocal\org\springframework\cloud\spring-cloud-starter-netflix-eureka-client\2.0.0.RELEASE\spring-cloud-starter-netflix-eureka-client-2.0.0.RELEASE.jar;D:\tools\mavenLocal\org\springframework\cloud\spring-cloud-starter\2.0.0.RELEASE\spring-cloud-starter-2.0.0.RELEASE.jar;D:\tools\mavenLocal\org\springframework\cloud\spring-cloud-context\2.0.0.RELEASE\spring-cloud-context-2.0.0.RELEASE.jar;D:\tools\mavenLocal\org\springframework\security\spring-security-rsa\1.0.5.RELEASE\spring-security-rsa-1.0.5.RELEASE.jar;D:\tools\mavenLocal\org\bouncycastle\bcpkix-jdk15on\1.56\bcpkix-jdk15on-1.56.jar;D:\tools\mavenLocal\org\bouncycastle\bcprov-jdk15on\1.56\bcprov-jdk15on-1.56.jar;D:\tools\mavenLocal\org\springframework\cloud\spring-cloud-netflix-core\2.0.0.RELEASE\spring-cloud-netflix-core-2.0.0.RELEASE.jar;D:\tools\mavenLocal\org\springframework\cloud\spring-cloud-netflix-eureka-client\2.0.0.RELEASE\spring-cloud-netflix-eureka-client-2.0.0.RELEASE.jar;D:\tools\mavenLocal\com\netflix\eureka\eureka-client\1.9.2\eureka-client-1.9.2.jar;D:\tools\mavenLocal\org\codehaus\jettison\jettison\1.3.7\jettison-1.3.7.jar;D:\tools\mavenLocal\stax\stax-api\1.0.1\stax-api-1.0.1.jar;D:\tools\mavenLocal\com\netflix\netflix-commons\netflix-eventbus\0.3.0\netflix-eventbus-0.3.0.jar;D:\tools\mavenLocal\com\netflix\netflix-commons\netflix-infix\0.3.0\netflix-infix-0.3.0.jar;D:\tools\mavenLocal\commons-jxpath\commons-jxpath\1.3\commons-jxpath-1.3.jar;D:\tools\mavenLocal\joda-time\joda-time\2.10.1\joda-time-2.10.1.jar;D:\tools\mavenLocal\org\antlr\antlr-runtime\3.4\antlr-runtime-3.4.jar;D:\tools\mavenLocal\org\antlr\stringtemplate\3.2.1\stringtemplate-3.2.1.jar;D:\tools\mavenLocal\antlr\antlr\2.7.7\antlr-2.7.7.jar;D:\tools\mavenLocal\com\google\code\gson\gson\2.8.5\gson-2.8.5.jar;D:\tools\mavenLocal\org\apache\commons\commons-math\2.2\commons-math-2.2.jar;D:\tools\mavenLocal\com\netflix\archaius\archaius-core\0.7.6\archaius-core-0.7.6.jar;D:\tools\mavenLocal\javax\ws\rs\jsr311-api\1.1.1\jsr311-api-1.1.1.jar;D:\tools\mavenLocal\com\netflix\servo\servo-core\0.12.21\servo-core-0.12.21.jar;D:\tools\mavenLocal\com\sun\jersey\jersey-core\1.19.1\jersey-core-1.19.1.jar;D:\tools\mavenLocal\com\sun\jersey\jersey-client\1.19.1\jersey-client-1.19.1.jar;D:\tools\mavenLocal\com\sun\jersey\contribs\jersey-apache-client4\1.19.1\jersey-apache-client4-1.19.1.jar;D:\tools\mavenLocal\org\apache\httpcomponents\httpclient\4.5.7\httpclient-4.5.7.jar;D:\tools\mavenLocal\org\apache\httpcomponents\httpcore\4.4.11\httpcore-4.4.11.jar;D:\tools\mavenLocal\commons-codec\commons-codec\1.11\commons-codec-1.11.jar;D:\tools\mavenLocal\com\google\inject\guice\4.1.0\guice-4.1.0.jar;D:\tools\mavenLocal\javax\inject\javax.inject\1\javax.inject-1.jar;D:\tools\mavenLocal\aopalliance\aopalliance\1.0\aopalliance-1.0.jar;D:\tools\mavenLocal\com\github\vlsi\compactmap\compactmap\1.2.1\compactmap-1.2.1.jar;D:\tools\mavenLocal\com\github\andrewoma\dexx\dexx-collections\0.2\dexx-collections-0.2.jar;D:\tools\mavenLocal\com\fasterxml\jackson\core\jackson-annotations\2.9.0\jackson-annotations-2.9.0.jar;D:\tools\mavenLocal\com\fasterxml\jackson\core\jackson-core\2.9.8\jackson-core-2.9.8.jar;D:\tools\mavenLocal\com\netflix\eureka\eureka-core\1.9.2\eureka-core-1.9.2.jar;D:\tools\mavenLocal\org\codehaus\woodstox\woodstox-core-asl\4.4.1\woodstox-core-asl-4.4.1.jar;D:\tools\mavenLocal\javax\xml\stream\stax-api\1.0-2\stax-api-1.0-2.jar;D:\tools\mavenLocal\org\codehaus\woodstox\stax2-api\3.1.4\stax2-api-3.1.4.jar;D:\tools\mavenLocal\org\springframework\cloud\spring-cloud-starter-netflix-archaius\2.0.0.RELEASE\spring-cloud-starter-netflix-archaius-2.0.0.RELEASE.jar;D:\tools\mavenLocal\org\springframework\cloud\spring-cloud-netflix-archaius\2.0.0.RELEASE\spring-cloud-netflix-archaius-2.0.0.RELEASE.jar;D:\tools\mavenLocal\commons-configuration\commons-configuration\1.8\commons-configuration-1.8.jar;D:\tools\mavenLocal\commons-lang\commons-lang\2.6\commons-lang-2.6.jar;D:\tools\mavenLocal\org\springframework\cloud\spring-cloud-starter-netflix-ribbon\2.0.0.RELEASE\spring-cloud-starter-netflix-ribbon-2.0.0.RELEASE.jar;D:\tools\mavenLocal\com\netflix\ribbon\ribbon\2.2.5\ribbon-2.2.5.jar;D:\tools\mavenLocal\com\netflix\ribbon\ribbon-transport\2.2.5\ribbon-transport-2.2.5.jar;D:\tools\mavenLocal\io\reactivex\rxnetty-contexts\0.4.9\rxnetty-contexts-0.4.9.jar;D:\tools\mavenLocal\io\reactivex\rxnetty-servo\0.4.9\rxnetty-servo-0.4.9.jar;D:\tools\mavenLocal\io\reactivex\rxnetty\0.4.9\rxnetty-0.4.9.jar;D:\tools\mavenLocal\io\netty\netty-codec-http\4.1.33.Final\netty-codec-http-4.1.33.Final.jar;D:\tools\mavenLocal\io\netty\netty-common\4.1.33.Final\netty-common-4.1.33.Final.jar;D:\tools\mavenLocal\io\netty\netty-buffer\4.1.33.Final\netty-buffer-4.1.33.Final.jar;D:\tools\mavenLocal\io\netty\netty-transport\4.1.33.Final\netty-transport-4.1.33.Final.jar;D:\tools\mavenLocal\io\netty\netty-resolver\4.1.33.Final\netty-resolver-4.1.33.Final.jar;D:\tools\mavenLocal\io\netty\netty-codec\4.1.33.Final\netty-codec-4.1.33.Final.jar;D:\tools\mavenLocal\io\netty\netty-transport-native-epoll\4.1.33.Final\netty-transport-native-epoll-4.1.33.Final.jar;D:\tools\mavenLocal\io\netty\netty-transport-native-unix-common\4.1.33.Final\netty-transport-native-unix-common-4.1.33.Final.jar;D:\tools\mavenLocal\com\netflix\ribbon\ribbon-core\2.2.5\ribbon-core-2.2.5.jar;D:\tools\mavenLocal\com\netflix\ribbon\ribbon-httpclient\2.2.5\ribbon-httpclient-2.2.5.jar;D:\tools\mavenLocal\commons-collections\commons-collections\3.2.2\commons-collections-3.2.2.jar;D:\tools\mavenLocal\com\netflix\netflix-commons\netflix-commons-util\0.3.0\netflix-commons-util-0.3.0.jar;D:\tools\mavenLocal\com\netflix\ribbon\ribbon-loadbalancer\2.2.5\ribbon-loadbalancer-2.2.5.jar;D:\tools\mavenLocal\com\netflix\netflix-commons\netflix-statistics\0.1.1\netflix-statistics-0.1.1.jar;D:\tools\mavenLocal\io\reactivex\rxjava\1.3.8\rxjava-1.3.8.jar;D:\tools\mavenLocal\com\netflix\ribbon\ribbon-eureka\2.2.5\ribbon-eureka-2.2.5.jar;D:\tools\mavenLocal\com\thoughtworks\xstream\xstream\1.4.10\xstream-1.4.10.jar;D:\tools\mavenLocal\xmlpull\xmlpull\1.1.3.1\xmlpull-1.1.3.1.jar;D:\tools\mavenLocal\xpp3\xpp3_min\1.1.4c\xpp3_min-1.1.4c.jar;D:\tools\mavenLocal\org\springframework\cloud\spring-cloud-starter-openfeign\2.0.0.RELEASE\spring-cloud-starter-openfeign-2.0.0.RELEASE.jar;D:\tools\mavenLocal\org\springframework\cloud\spring-cloud-openfeign-core\2.0.0.RELEASE\spring-cloud-openfeign-core-2.0.0.RELEASE.jar;D:\tools\mavenLocal\org\springframework\cloud\spring-cloud-commons\2.0.0.RELEASE\spring-cloud-commons-2.0.0.RELEASE.jar;D:\tools\mavenLocal\org\springframework\security\spring-security-crypto\5.1.4.RELEASE\spring-security-crypto-5.1.4.RELEASE.jar;D:\tools\mavenLocal\io\github\openfeign\feign-core\9.5.1\feign-core-9.5.1.jar;D:\tools\mavenLocal\io\github\openfeign\feign-slf4j\9.5.1\feign-slf4j-9.5.1.jar;D:\tools\mavenLocal\io\github\openfeign\feign-hystrix\9.5.1\feign-hystrix-9.5.1.jar;D:\tools\mavenLocal\io\github\openfeign\feign-java8\9.5.1\feign-java8-9.5.1.jar;D:\tools\mavenLocal\org\springframework\cloud\spring-cloud-starter-netflix-hystrix\2.0.0.RELEASE\spring-cloud-starter-netflix-hystrix-2.0.0.RELEASE.jar;D:\tools\mavenLocal\org\springframework\cloud\spring-cloud-netflix-ribbon\2.0.0.RELEASE\spring-cloud-netflix-ribbon-2.0.0.RELEASE.jar;D:\tools\mavenLocal\com\netflix\hystrix\hystrix-core\1.5.12\hystrix-core-1.5.12.jar;D:\tools\mavenLocal\com\netflix\hystrix\hystrix-serialization\1.5.12\hystrix-serialization-1.5.12.jar;D:\tools\mavenLocal\com\fasterxml\jackson\module\jackson-module-afterburner\2.9.8\jackson-module-afterburner-2.9.8.jar;D:\tools\mavenLocal\com\netflix\hystrix\hystrix-metrics-event-stream\1.5.12\hystrix-metrics-event-stream-1.5.12.jar;D:\tools\mavenLocal\com\netflix\hystrix\hystrix-javanica\1.5.12\hystrix-javanica-1.5.12.jar;D:\tools\mavenLocal\org\apache\commons\commons-lang3\3.8.1\commons-lang3-3.8.1.jar;D:\tools\mavenLocal\org\ow2\asm\asm\5.0.4\asm-5.0.4.jar;D:\tools\mavenLocal\com\google\guava\guava\15.0\guava-15.0.jar;D:\tools\mavenLocal\io\reactivex\rxjava-reactive-streams\1.2.1\rxjava-reactive-streams-1.2.1.jar;D:\tools\mavenLocal\org\reactivestreams\reactive-streams\1.0.2\reactive-streams-1.0.2.jar;"/>
    <property name="java.vm.vendor" value="Oracle Corporation"/>
    <property name="sun.arch.data.model" value="64"/>
    <property name="user.variant" value=""/>
    <property name="java.vendor.url" value="http://java.oracle.com/"/>
    <property name="user.timezone" value="Asia/Shanghai"/>
    <property name="java.vm.specification.version" value="1.8"/>
    <property name="os.name" value="Windows 8.1"/>
    <property name="user.country" value="CN"/>
    <property name="sun.java.launcher" value="SUN_STANDARD"/>
    <property name="sun.boot.library.path" value="C:\Program Files\Java\jdk1.8.0_45\jre\bin"/>
    <property name="sun.java.command" value="C:\Users\JIANGJ~1\AppData\Local\Temp\surefire4593960569263263559\surefirebooter6887499556964344907.jar C:\Users\jiangjinhao\AppData\Local\Temp\surefire4593960569263263559 2019-10-17T11-49-50_112-jvmRun1 surefire3199772003543209050tmp surefire_01067418926796730192tmp"/>
    <property name="surefire.test.class.path" value="D:\csdn_workspace\mall_hsj\mall_hsj_admin2\target\test-classes;D:\csdn_workspace\mall_hsj\mall_hsj_admin2\target\classes;D:\tools\mavenLocal\junit\junit\3.8.1\junit-3.8.1.jar;D:\csdn_workspace\mall_hsj\mall_hsj_mbg\target\mall_hsj_mbg-0.0.1-SNAPSHOT.jar;D:\tools\mavenLocal\com\macro\mall\mall-common\1.0-SNAPSHOT\mall-common-1.0-SNAPSHOT.jar;D:\tools\mavenLocal\io\springfox\springfox-swagger2\2.7.0\springfox-swagger2-2.7.0.jar;D:\tools\mavenLocal\io\swagger\swagger-annotations\1.5.13\swagger-annotations-1.5.13.jar;D:\tools\mavenLocal\io\swagger\swagger-models\1.5.13\swagger-models-1.5.13.jar;D:\tools\mavenLocal\io\springfox\springfox-spi\2.7.0\springfox-spi-2.7.0.jar;D:\tools\mavenLocal\io\springfox\springfox-core\2.7.0\springfox-core-2.7.0.jar;D:\tools\mavenLocal\io\springfox\springfox-schema\2.7.0\springfox-schema-2.7.0.jar;D:\tools\mavenLocal\io\springfox\springfox-swagger-common\2.7.0\springfox-swagger-common-2.7.0.jar;D:\tools\mavenLocal\io\springfox\springfox-spring-web\2.7.0\springfox-spring-web-2.7.0.jar;D:\tools\mavenLocal\org\reflections\reflections\0.9.11\reflections-0.9.11.jar;D:\tools\mavenLocal\org\javassist\javassist\3.21.0-GA\javassist-3.21.0-GA.jar;D:\tools\mavenLocal\org\springframework\plugin\spring-plugin-core\1.2.0.RELEASE\spring-plugin-core-1.2.0.RELEASE.jar;D:\tools\mavenLocal\org\springframework\plugin\spring-plugin-metadata\1.2.0.RELEASE\spring-plugin-metadata-1.2.0.RELEASE.jar;D:\tools\mavenLocal\org\mapstruct\mapstruct\1.1.0.Final\mapstruct-1.1.0.Final.jar;D:\tools\mavenLocal\io\springfox\springfox-swagger-ui\2.7.0\springfox-swagger-ui-2.7.0.jar;D:\tools\mavenLocal\org\springframework\data\spring-data-commons\2.1.5.RELEASE\spring-data-commons-2.1.5.RELEASE.jar;D:\tools\mavenLocal\cn\hutool\hutool-all\4.5.7\hutool-all-4.5.7.jar;D:\tools\mavenLocal\org\mybatis\generator\mybatis-generator-core\1.3.7\mybatis-generator-core-1.3.7.jar;D:\tools\mavenLocal\org\mybatis\mybatis\3.4.6\mybatis-3.4.6.jar;D:\tools\mavenLocal\mysql\mysql-connector-java\8.0.15\mysql-connector-java-8.0.15.jar;D:\tools\mavenLocal\org\springframework\boot\spring-boot-starter-web\2.1.3.RELEASE\spring-boot-starter-web-2.1.3.RELEASE.jar;D:\tools\mavenLocal\org\springframework\boot\spring-boot-starter\2.1.3.RELEASE\spring-boot-starter-2.1.3.RELEASE.jar;D:\tools\mavenLocal\org\springframework\boot\spring-boot\2.1.3.RELEASE\spring-boot-2.1.3.RELEASE.jar;D:\tools\mavenLocal\org\springframework\boot\spring-boot-starter-logging\2.1.3.RELEASE\spring-boot-starter-logging-2.1.3.RELEASE.jar;D:\tools\mavenLocal\ch\qos\logback\logback-classic\1.2.3\logback-classic-1.2.3.jar;D:\tools\mavenLocal\ch\qos\logback\logback-core\1.2.3\logback-core-1.2.3.jar;D:\tools\mavenLocal\org\apache\logging\log4j\log4j-to-slf4j\2.11.2\log4j-to-slf4j-2.11.2.jar;D:\tools\mavenLocal\org\apache\logging\log4j\log4j-api\2.11.2\log4j-api-2.11.2.jar;D:\tools\mavenLocal\org\slf4j\jul-to-slf4j\1.7.25\jul-to-slf4j-1.7.25.jar;D:\tools\mavenLocal\javax\annotation\javax.annotation-api\1.3.2\javax.annotation-api-1.3.2.jar;D:\tools\mavenLocal\org\yaml\snakeyaml\1.23\snakeyaml-1.23.jar;D:\tools\mavenLocal\org\springframework\boot\spring-boot-starter-json\2.1.3.RELEASE\spring-boot-starter-json-2.1.3.RELEASE.jar;D:\tools\mavenLocal\com\fasterxml\jackson\core\jackson-databind\2.9.8\jackson-databind-2.9.8.jar;D:\tools\mavenLocal\com\fasterxml\jackson\datatype\jackson-datatype-jdk8\2.9.8\jackson-datatype-jdk8-2.9.8.jar;D:\tools\mavenLocal\com\fasterxml\jackson\datatype\jackson-datatype-jsr310\2.9.8\jackson-datatype-jsr310-2.9.8.jar;D:\tools\mavenLocal\com\fasterxml\jackson\module\jackson-module-parameter-names\2.9.8\jackson-module-parameter-names-2.9.8.jar;D:\tools\mavenLocal\org\springframework\boot\spring-boot-starter-tomcat\2.1.3.RELEASE\spring-boot-starter-tomcat-2.1.3.RELEASE.jar;D:\tools\mavenLocal\org\apache\tomcat\embed\tomcat-embed-core\9.0.16\tomcat-embed-core-9.0.16.jar;D:\tools\mavenLocal\org\apache\tomcat\embed\tomcat-embed-el\9.0.16\tomcat-embed-el-9.0.16.jar;D:\tools\mavenLocal\org\apache\tomcat\embed\tomcat-embed-websocket\9.0.16\tomcat-embed-websocket-9.0.16.jar;D:\tools\mavenLocal\org\hibernate\validator\hibernate-validator\6.0.14.Final\hibernate-validator-6.0.14.Final.jar;D:\tools\mavenLocal\javax\validation\validation-api\2.0.1.Final\validation-api-2.0.1.Final.jar;D:\tools\mavenLocal\org\jboss\logging\jboss-logging\3.3.2.Final\jboss-logging-3.3.2.Final.jar;D:\tools\mavenLocal\com\fasterxml\classmate\1.4.0\classmate-1.4.0.jar;D:\tools\mavenLocal\org\springframework\spring-web\5.1.5.RELEASE\spring-web-5.1.5.RELEASE.jar;D:\tools\mavenLocal\org\springframework\spring-beans\5.1.5.RELEASE\spring-beans-5.1.5.RELEASE.jar;D:\tools\mavenLocal\org\springframework\spring-webmvc\5.1.5.RELEASE\spring-webmvc-5.1.5.RELEASE.jar;D:\tools\mavenLocal\org\springframework\spring-context\5.1.5.RELEASE\spring-context-5.1.5.RELEASE.jar;D:\tools\mavenLocal\org\springframework\spring-expression\5.1.5.RELEASE\spring-expression-5.1.5.RELEASE.jar;D:\tools\mavenLocal\org\springframework\boot\spring-boot-starter-actuator\2.1.3.RELEASE\spring-boot-starter-actuator-2.1.3.RELEASE.jar;D:\tools\mavenLocal\org\springframework\boot\spring-boot-actuator-autoconfigure\2.1.3.RELEASE\spring-boot-actuator-autoconfigure-2.1.3.RELEASE.jar;D:\tools\mavenLocal\org\springframework\boot\spring-boot-actuator\2.1.3.RELEASE\spring-boot-actuator-2.1.3.RELEASE.jar;D:\tools\mavenLocal\io\micrometer\micrometer-core\1.1.3\micrometer-core-1.1.3.jar;D:\tools\mavenLocal\org\hdrhistogram\HdrHistogram\2.1.9\HdrHistogram-2.1.9.jar;D:\tools\mavenLocal\org\latencyutils\LatencyUtils\2.0.3\LatencyUtils-2.0.3.jar;D:\tools\mavenLocal\org\springframework\boot\spring-boot-starter-aop\2.1.3.RELEASE\spring-boot-starter-aop-2.1.3.RELEASE.jar;D:\tools\mavenLocal\org\springframework\spring-aop\5.1.5.RELEASE\spring-aop-5.1.5.RELEASE.jar;D:\tools\mavenLocal\org\aspectj\aspectjweaver\1.9.2\aspectjweaver-1.9.2.jar;D:\tools\mavenLocal\org\springframework\boot\spring-boot-starter-test\2.1.3.RELEASE\spring-boot-starter-test-2.1.3.RELEASE.jar;D:\tools\mavenLocal\org\springframework\boot\spring-boot-test\2.1.3.RELEASE\spring-boot-test-2.1.3.RELEASE.jar;D:\tools\mavenLocal\org\springframework\boot\spring-boot-test-autoconfigure\2.1.3.RELEASE\spring-boot-test-autoconfigure-2.1.3.RELEASE.jar;D:\tools\mavenLocal\com\jayway\jsonpath\json-path\2.4.0\json-path-2.4.0.jar;D:\tools\mavenLocal\net\minidev\json-smart\2.3\json-smart-2.3.jar;D:\tools\mavenLocal\net\minidev\accessors-smart\1.2\accessors-smart-1.2.jar;D:\tools\mavenLocal\org\assertj\assertj-core\3.11.1\assertj-core-3.11.1.jar;D:\tools\mavenLocal\org\mockito\mockito-core\2.23.4\mockito-core-2.23.4.jar;D:\tools\mavenLocal\net\bytebuddy\byte-buddy\1.9.10\byte-buddy-1.9.10.jar;D:\tools\mavenLocal\net\bytebuddy\byte-buddy-agent\1.9.10\byte-buddy-agent-1.9.10.jar;D:\tools\mavenLocal\org\objenesis\objenesis\2.6\objenesis-2.6.jar;D:\tools\mavenLocal\org\hamcrest\hamcrest-core\1.3\hamcrest-core-1.3.jar;D:\tools\mavenLocal\org\hamcrest\hamcrest-library\1.3\hamcrest-library-1.3.jar;D:\tools\mavenLocal\org\skyscreamer\jsonassert\1.5.0\jsonassert-1.5.0.jar;D:\tools\mavenLocal\com\vaadin\external\google\android-json\0.0.20131108.vaadin1\android-json-0.0.20131108.vaadin1.jar;D:\tools\mavenLocal\org\springframework\spring-core\5.1.5.RELEASE\spring-core-5.1.5.RELEASE.jar;D:\tools\mavenLocal\org\springframework\spring-jcl\5.1.5.RELEASE\spring-jcl-5.1.5.RELEASE.jar;D:\tools\mavenLocal\org\springframework\spring-test\5.1.5.RELEASE\spring-test-5.1.5.RELEASE.jar;D:\tools\mavenLocal\org\xmlunit\xmlunit-core\2.6.2\xmlunit-core-2.6.2.jar;D:\tools\mavenLocal\com\github\pagehelper\pagehelper-spring-boot-starter\1.2.10\pagehelper-spring-boot-starter-1.2.10.jar;D:\tools\mavenLocal\org\mybatis\spring\boot\mybatis-spring-boot-starter\1.3.2\mybatis-spring-boot-starter-1.3.2.jar;D:\tools\mavenLocal\org\springframework\boot\spring-boot-starter-jdbc\2.1.3.RELEASE\spring-boot-starter-jdbc-2.1.3.RELEASE.jar;D:\tools\mavenLocal\com\zaxxer\HikariCP\3.2.0\HikariCP-3.2.0.jar;D:\tools\mavenLocal\org\springframework\spring-jdbc\5.1.5.RELEASE\spring-jdbc-5.1.5.RELEASE.jar;D:\tools\mavenLocal\org\springframework\spring-tx\5.1.5.RELEASE\spring-tx-5.1.5.RELEASE.jar;D:\tools\mavenLocal\org\mybatis\spring\boot\mybatis-spring-boot-autoconfigure\1.3.2\mybatis-spring-boot-autoconfigure-1.3.2.jar;D:\tools\mavenLocal\org\mybatis\mybatis-spring\1.3.2\mybatis-spring-1.3.2.jar;D:\tools\mavenLocal\com\github\pagehelper\pagehelper-spring-boot-autoconfigure\1.2.10\pagehelper-spring-boot-autoconfigure-1.2.10.jar;D:\tools\mavenLocal\com\github\pagehelper\pagehelper\5.1.8\pagehelper-5.1.8.jar;D:\tools\mavenLocal\com\github\jsqlparser\jsqlparser\1.2\jsqlparser-1.2.jar;D:\tools\mavenLocal\com\alibaba\druid-spring-boot-starter\1.1.10\druid-spring-boot-starter-1.1.10.jar;D:\tools\mavenLocal\com\alibaba\druid\1.1.10\druid-1.1.10.jar;D:\tools\mavenLocal\org\slf4j\slf4j-api\1.7.25\slf4j-api-1.7.25.jar;D:\tools\mavenLocal\org\springframework\boot\spring-boot-autoconfigure\2.1.3.RELEASE\spring-boot-autoconfigure-2.1.3.RELEASE.jar;D:\tools\mavenLocal\org\springframework\cloud\spring-cloud-starter-netflix-eureka-client\2.0.0.RELEASE\spring-cloud-starter-netflix-eureka-client-2.0.0.RELEASE.jar;D:\tools\mavenLocal\org\springframework\cloud\spring-cloud-starter\2.0.0.RELEASE\spring-cloud-starter-2.0.0.RELEASE.jar;D:\tools\mavenLocal\org\springframework\cloud\spring-cloud-context\2.0.0.RELEASE\spring-cloud-context-2.0.0.RELEASE.jar;D:\tools\mavenLocal\org\springframework\security\spring-security-rsa\1.0.5.RELEASE\spring-security-rsa-1.0.5.RELEASE.jar;D:\tools\mavenLocal\org\bouncycastle\bcpkix-jdk15on\1.56\bcpkix-jdk15on-1.56.jar;D:\tools\mavenLocal\org\bouncycastle\bcprov-jdk15on\1.56\bcprov-jdk15on-1.56.jar;D:\tools\mavenLocal\org\springframework\cloud\spring-cloud-netflix-core\2.0.0.RELEASE\spring-cloud-netflix-core-2.0.0.RELEASE.jar;D:\tools\mavenLocal\org\springframework\cloud\spring-cloud-netflix-eureka-client\2.0.0.RELEASE\spring-cloud-netflix-eureka-client-2.0.0.RELEASE.jar;D:\tools\mavenLocal\com\netflix\eureka\eureka-client\1.9.2\eureka-client-1.9.2.jar;D:\tools\mavenLocal\org\codehaus\jettison\jettison\1.3.7\jettison-1.3.7.jar;D:\tools\mavenLocal\stax\stax-api\1.0.1\stax-api-1.0.1.jar;D:\tools\mavenLocal\com\netflix\netflix-commons\netflix-eventbus\0.3.0\netflix-eventbus-0.3.0.jar;D:\tools\mavenLocal\com\netflix\netflix-commons\netflix-infix\0.3.0\netflix-infix-0.3.0.jar;D:\tools\mavenLocal\commons-jxpath\commons-jxpath\1.3\commons-jxpath-1.3.jar;D:\tools\mavenLocal\joda-time\joda-time\2.10.1\joda-time-2.10.1.jar;D:\tools\mavenLocal\org\antlr\antlr-runtime\3.4\antlr-runtime-3.4.jar;D:\tools\mavenLocal\org\antlr\stringtemplate\3.2.1\stringtemplate-3.2.1.jar;D:\tools\mavenLocal\antlr\antlr\2.7.7\antlr-2.7.7.jar;D:\tools\mavenLocal\com\google\code\gson\gson\2.8.5\gson-2.8.5.jar;D:\tools\mavenLocal\org\apache\commons\commons-math\2.2\commons-math-2.2.jar;D:\tools\mavenLocal\com\netflix\archaius\archaius-core\0.7.6\archaius-core-0.7.6.jar;D:\tools\mavenLocal\javax\ws\rs\jsr311-api\1.1.1\jsr311-api-1.1.1.jar;D:\tools\mavenLocal\com\netflix\servo\servo-core\0.12.21\servo-core-0.12.21.jar;D:\tools\mavenLocal\com\sun\jersey\jersey-core\1.19.1\jersey-core-1.19.1.jar;D:\tools\mavenLocal\com\sun\jersey\jersey-client\1.19.1\jersey-client-1.19.1.jar;D:\tools\mavenLocal\com\sun\jersey\contribs\jersey-apache-client4\1.19.1\jersey-apache-client4-1.19.1.jar;D:\tools\mavenLocal\org\apache\httpcomponents\httpclient\4.5.7\httpclient-4.5.7.jar;D:\tools\mavenLocal\org\apache\httpcomponents\httpcore\4.4.11\httpcore-4.4.11.jar;D:\tools\mavenLocal\commons-codec\commons-codec\1.11\commons-codec-1.11.jar;D:\tools\mavenLocal\com\google\inject\guice\4.1.0\guice-4.1.0.jar;D:\tools\mavenLocal\javax\inject\javax.inject\1\javax.inject-1.jar;D:\tools\mavenLocal\aopalliance\aopalliance\1.0\aopalliance-1.0.jar;D:\tools\mavenLocal\com\github\vlsi\compactmap\compactmap\1.2.1\compactmap-1.2.1.jar;D:\tools\mavenLocal\com\github\andrewoma\dexx\dexx-collections\0.2\dexx-collections-0.2.jar;D:\tools\mavenLocal\com\fasterxml\jackson\core\jackson-annotations\2.9.0\jackson-annotations-2.9.0.jar;D:\tools\mavenLocal\com\fasterxml\jackson\core\jackson-core\2.9.8\jackson-core-2.9.8.jar;D:\tools\mavenLocal\com\netflix\eureka\eureka-core\1.9.2\eureka-core-1.9.2.jar;D:\tools\mavenLocal\org\codehaus\woodstox\woodstox-core-asl\4.4.1\woodstox-core-asl-4.4.1.jar;D:\tools\mavenLocal\javax\xml\stream\stax-api\1.0-2\stax-api-1.0-2.jar;D:\tools\mavenLocal\org\codehaus\woodstox\stax2-api\3.1.4\stax2-api-3.1.4.jar;D:\tools\mavenLocal\org\springframework\cloud\spring-cloud-starter-netflix-archaius\2.0.0.RELEASE\spring-cloud-starter-netflix-archaius-2.0.0.RELEASE.jar;D:\tools\mavenLocal\org\springframework\cloud\spring-cloud-netflix-archaius\2.0.0.RELEASE\spring-cloud-netflix-archaius-2.0.0.RELEASE.jar;D:\tools\mavenLocal\commons-configuration\commons-configuration\1.8\commons-configuration-1.8.jar;D:\tools\mavenLocal\commons-lang\commons-lang\2.6\commons-lang-2.6.jar;D:\tools\mavenLocal\org\springframework\cloud\spring-cloud-starter-netflix-ribbon\2.0.0.RELEASE\spring-cloud-starter-netflix-ribbon-2.0.0.RELEASE.jar;D:\tools\mavenLocal\com\netflix\ribbon\ribbon\2.2.5\ribbon-2.2.5.jar;D:\tools\mavenLocal\com\netflix\ribbon\ribbon-transport\2.2.5\ribbon-transport-2.2.5.jar;D:\tools\mavenLocal\io\reactivex\rxnetty-contexts\0.4.9\rxnetty-contexts-0.4.9.jar;D:\tools\mavenLocal\io\reactivex\rxnetty-servo\0.4.9\rxnetty-servo-0.4.9.jar;D:\tools\mavenLocal\io\reactivex\rxnetty\0.4.9\rxnetty-0.4.9.jar;D:\tools\mavenLocal\io\netty\netty-codec-http\4.1.33.Final\netty-codec-http-4.1.33.Final.jar;D:\tools\mavenLocal\io\netty\netty-common\4.1.33.Final\netty-common-4.1.33.Final.jar;D:\tools\mavenLocal\io\netty\netty-buffer\4.1.33.Final\netty-buffer-4.1.33.Final.jar;D:\tools\mavenLocal\io\netty\netty-transport\4.1.33.Final\netty-transport-4.1.33.Final.jar;D:\tools\mavenLocal\io\netty\netty-resolver\4.1.33.Final\netty-resolver-4.1.33.Final.jar;D:\tools\mavenLocal\io\netty\netty-codec\4.1.33.Final\netty-codec-4.1.33.Final.jar;D:\tools\mavenLocal\io\netty\netty-transport-native-epoll\4.1.33.Final\netty-transport-native-epoll-4.1.33.Final.jar;D:\tools\mavenLocal\io\netty\netty-transport-native-unix-common\4.1.33.Final\netty-transport-native-unix-common-4.1.33.Final.jar;D:\tools\mavenLocal\com\netflix\ribbon\ribbon-core\2.2.5\ribbon-core-2.2.5.jar;D:\tools\mavenLocal\com\netflix\ribbon\ribbon-httpclient\2.2.5\ribbon-httpclient-2.2.5.jar;D:\tools\mavenLocal\commons-collections\commons-collections\3.2.2\commons-collections-3.2.2.jar;D:\tools\mavenLocal\com\netflix\netflix-commons\netflix-commons-util\0.3.0\netflix-commons-util-0.3.0.jar;D:\tools\mavenLocal\com\netflix\ribbon\ribbon-loadbalancer\2.2.5\ribbon-loadbalancer-2.2.5.jar;D:\tools\mavenLocal\com\netflix\netflix-commons\netflix-statistics\0.1.1\netflix-statistics-0.1.1.jar;D:\tools\mavenLocal\io\reactivex\rxjava\1.3.8\rxjava-1.3.8.jar;D:\tools\mavenLocal\com\netflix\ribbon\ribbon-eureka\2.2.5\ribbon-eureka-2.2.5.jar;D:\tools\mavenLocal\com\thoughtworks\xstream\xstream\1.4.10\xstream-1.4.10.jar;D:\tools\mavenLocal\xmlpull\xmlpull\1.1.3.1\xmlpull-1.1.3.1.jar;D:\tools\mavenLocal\xpp3\xpp3_min\1.1.4c\xpp3_min-1.1.4c.jar;D:\tools\mavenLocal\org\springframework\cloud\spring-cloud-starter-openfeign\2.0.0.RELEASE\spring-cloud-starter-openfeign-2.0.0.RELEASE.jar;D:\tools\mavenLocal\org\springframework\cloud\spring-cloud-openfeign-core\2.0.0.RELEASE\spring-cloud-openfeign-core-2.0.0.RELEASE.jar;D:\tools\mavenLocal\org\springframework\cloud\spring-cloud-commons\2.0.0.RELEASE\spring-cloud-commons-2.0.0.RELEASE.jar;D:\tools\mavenLocal\org\springframework\security\spring-security-crypto\5.1.4.RELEASE\spring-security-crypto-5.1.4.RELEASE.jar;D:\tools\mavenLocal\io\github\openfeign\feign-core\9.5.1\feign-core-9.5.1.jar;D:\tools\mavenLocal\io\github\openfeign\feign-slf4j\9.5.1\feign-slf4j-9.5.1.jar;D:\tools\mavenLocal\io\github\openfeign\feign-hystrix\9.5.1\feign-hystrix-9.5.1.jar;D:\tools\mavenLocal\io\github\openfeign\feign-java8\9.5.1\feign-java8-9.5.1.jar;D:\tools\mavenLocal\org\springframework\cloud\spring-cloud-starter-netflix-hystrix\2.0.0.RELEASE\spring-cloud-starter-netflix-hystrix-2.0.0.RELEASE.jar;D:\tools\mavenLocal\org\springframework\cloud\spring-cloud-netflix-ribbon\2.0.0.RELEASE\spring-cloud-netflix-ribbon-2.0.0.RELEASE.jar;D:\tools\mavenLocal\com\netflix\hystrix\hystrix-core\1.5.12\hystrix-core-1.5.12.jar;D:\tools\mavenLocal\com\netflix\hystrix\hystrix-serialization\1.5.12\hystrix-serialization-1.5.12.jar;D:\tools\mavenLocal\com\fasterxml\jackson\module\jackson-module-afterburner\2.9.8\jackson-module-afterburner-2.9.8.jar;D:\tools\mavenLocal\com\netflix\hystrix\hystrix-metrics-event-stream\1.5.12\hystrix-metrics-event-stream-1.5.12.jar;D:\tools\mavenLocal\com\netflix\hystrix\hystrix-javanica\1.5.12\hystrix-javanica-1.5.12.jar;D:\tools\mavenLocal\org\apache\commons\commons-lang3\3.8.1\commons-lang3-3.8.1.jar;D:\tools\mavenLocal\org\ow2\asm\asm\5.0.4\asm-5.0.4.jar;D:\tools\mavenLocal\com\google\guava\guava\15.0\guava-15.0.jar;D:\tools\mavenLocal\io\reactivex\rxjava-reactive-streams\1.2.1\rxjava-reactive-streams-1.2.1.jar;D:\tools\mavenLocal\org\reactivestreams\reactive-streams\1.0.2\reactive-streams-1.0.2.jar;"/>
    <property name="sun.cpu.endian" value="little"/>
    <property name="user.home" value="C:\Users\jiangjinhao"/>
    <property name="user.language" value="zh"/>
    <property name="java.specification.vendor" value="Oracle Corporation"/>
    <property name="java.home" value="C:\Program Files\Java\jdk1.8.0_45\jre"/>
    <property name="basedir" value="D:\csdn_workspace\mall_hsj\mall_hsj_admin2"/>
    <property name="file.separator" value="\"/>
    <property name="line.separator" value="&#10;"/>
    <property name="java.vm.specification.vendor" value="Oracle Corporation"/>
    <property name="java.specification.name" value="Java Platform API Specification"/>
    <property name="java.awt.graphicsenv" value="sun.awt.Win32GraphicsEnvironment"/>
    <property name="surefire.real.class.path" value="C:\Users\JIANGJ~1\AppData\Local\Temp\surefire4593960569263263559\surefirebooter6887499556964344907.jar"/>
    <property name="sun.boot.class.path" value="C:\Program Files\Java\jdk1.8.0_45\jre\lib\resources.jar;C:\Program Files\Java\jdk1.8.0_45\jre\lib\rt.jar;C:\Program Files\Java\jdk1.8.0_45\jre\lib\sunrsasign.jar;C:\Program Files\Java\jdk1.8.0_45\jre\lib\jsse.jar;C:\Program Files\Java\jdk1.8.0_45\jre\lib\jce.jar;C:\Program Files\Java\jdk1.8.0_45\jre\lib\charsets.jar;C:\Program Files\Java\jdk1.8.0_45\jre\lib\jfr.jar;C:\Program Files\Java\jdk1.8.0_45\jre\classes"/>
    <property name="user.script" value=""/>
    <property name="sun.management.compiler" value="HotSpot 64-Bit Tiered Compilers"/>
    <property name="java.runtime.version" value="1.8.0_45-b15"/>
    <property name="user.name" value="jiangjinhao"/>
    <property name="path.separator" value=";"/>
    <property name="os.version" value="6.3"/>
    <property name="java.endorsed.dirs" value="C:\Program Files\Java\jdk1.8.0_45\jre\lib\endorsed"/>
    <property name="java.runtime.name" value="Java(TM) SE Runtime Environment"/>
    <property name="file.encoding" value="GBK"/>
    <property name="java.vm.name" value="Java HotSpot(TM) 64-Bit Server VM"/>
    <property name="localRepository" value="D:\tools\mavenLocal"/>
    <property name="java.vendor.url.bug" value="http://bugreport.sun.com/bugreport/"/>
    <property name="java.io.tmpdir" value="C:\Users\JIANGJ~1\AppData\Local\Temp\"/>
    <property name="java.version" value="1.8.0_45"/>
    <property name="user.dir" value="D:\csdn_workspace\mall_hsj\mall_hsj_admin2"/>
    <property name="os.arch" value="amd64"/>
    <property name="java.vm.specification.name" value="Java Virtual Machine Specification"/>
    <property name="java.awt.printerjob" value="sun.awt.windows.WPrinterJob"/>
    <property name="sun.os.patch.level" value=""/>
    <property name="java.library.path" value="C:\Program Files\Java\jdk1.8.0_45\jre\bin;C:\WINDOWS\Sun\Java\bin;C:\WINDOWS\system32;C:\WINDOWS;C:\WINDOWS\system32;C:\WINDOWS;C:\WINDOWS\System32\Wbem;C:\WINDOWS\System32\WindowsPowerShell\v1.0\;C:\Program Files\IDM Computer Solutions\UltraEdit;C:\WINDOWS\System32\OpenSSH\;C:\mysql\mysql-8.0.17-winx64\bin;C:\Program Files\Java\jdk1.8.0_45\bin;C:\Program Files\Git\cmd;C:\Program Files\TortoiseGit\bin;D:\Program Files\PuTTY\;D:\Program Files\nodejs\;D:\tools\apache-maven-3.5.3\bin;C:\Program Files\Java\jdk1.8.0_45\jre\bin;C:\Users\jiangjinhao\AppData\Local\Microsoft\WindowsApps;D:\Program Files\nodejs\node_global;;."/>
    <property name="java.vm.info" value="mixed mode"/>
    <property name="java.vendor" value="Oracle Corporation"/>
    <property name="java.vm.version" value="25.45-b02"/>
    <property name="java.ext.dirs" value="C:\Program Files\Java\jdk1.8.0_45\jre\lib\ext;C:\WINDOWS\Sun\Java\lib\ext"/>
    <property name="sun.io.unicode.encoding" value="UnicodeLittle"/>
    <property name="java.class.version" value="52.0"/>
  </properties>
  <testcase name="testApp" classname="org.mall_hsj_admin2.AppTest" time="0"/>
</testsuite>